<?xml version="1.0" encoding="UTF-8"?>
<!-- Generated by org.testng.reporters.JUnitReportReporter -->
<testsuite hostname="NSL-6033" failures="0" tests="2" name="com.TestNG.TestNG" time="0.026" errors="0" timestamp="2024-08-26T18:12:14 IST" skipped="0">
  <testcase classname="com.TestNG.TestNG" name="testHello2" time="0.005"/>
  <system-out/>
  <testcase classname="com.TestNG.TestNG" name="testHello1" time="0.021"/>
  <system-out/>
</testsuite> <!-- com.TestNG.TestNG -->
